2026-04-11 13:17:23,223  INFO  BTC AI Telegram Bot v4 starting...
2026-04-11 13:17:23,224  INFO    Symbol   : BTCUSDT
2026-04-11 13:17:23,225  INFO    Interval : 60 min
2026-04-11 13:17:23,225  INFO    Model    : E:\Python programs\btc_v2_fixed\btc_v2_final\models/saved/model_v4.pkl
2026-04-11 13:17:25,808  INFO  Model loaded | AUC=0.816 | version=v4_20260411_1316
2026-04-11 13:17:25,808  INFO  Getting prediction...
2026-04-11 13:17:28,733  INFO  SELL | prob=0.242 | conf=HIGH | alert=True | market=Uptrend
2026-04-11 13:17:29,996  INFO  Signal sent!
2026-04-11 13:17:29,996  INFO  Scheduler running — checking every 60 min
2026-04-11 13:42:01,417  INFO  BTC AI Telegram Bot v4 starting...
2026-04-11 13:42:01,418  INFO    Symbol   : BTCUSDT
2026-04-11 13:42:01,419  INFO    Interval : 60 min
2026-04-11 13:42:01,419  INFO    Model    : E:\Python programs\btc_v2_fixed\btc_v2_final\models/saved/model_v4.pkl
2026-04-11 13:42:02,741  INFO  Model loaded | AUC=0.5974 | version=v4_20260411_1341
2026-04-11 13:42:02,741  INFO  Getting prediction...
2026-04-11 13:42:05,597  INFO  SELL | prob=0.000 | conf=HIGH | alert=True | market=Uptrend
2026-04-11 13:42:06,675  INFO  Signal sent!
2026-04-11 13:42:06,676  INFO  Scheduler running — checking every 60 min
2026-04-11 19:03:24,903  INFO  BTC AI Telegram Bot v4 starting...
2026-04-11 19:03:24,903  INFO    Symbol   : BTCUSDT
2026-04-11 19:03:24,903  INFO    Interval : 60 min
2026-04-11 19:03:24,903  INFO    Model    : E:\Python programs\btc_v2_fixed\btc_v2_final\models/saved/model_v4.pkl
2026-04-11 19:03:26,534  INFO  Model loaded | AUC=0.5467 | version=v4_20260411_1901
2026-04-11 19:03:26,534  INFO  Getting prediction...
2026-04-11 19:03:29,232  INFO  SELL | prob=0.027 | conf=HIGH | alert=True | market=Uptrend
2026-04-11 19:03:30,342  INFO  Signal sent!
2026-04-11 19:03:30,343  INFO  Scheduler running — checking every 60 min
2026-04-11 19:23:20,956  INFO  BTC AI Bot v4.3 starting...
2026-04-11 19:23:20,957  INFO    Symbol   : BTCUSDT
2026-04-11 19:23:20,957  INFO    Interval : 60 min
2026-04-11 19:23:20,957  INFO    Model    : E:\Python programs\btc_v2_fixed\btc_v2_final\models/saved/model_v4.pkl
2026-04-11 19:23:20,957  INFO    News     : CryptoPanic (free tier)
2026-04-11 19:23:22,440  INFO  Model loaded | AUC=0.605 | threshold=0.343 | version=v4_20260411_1922
2026-04-11 19:23:22,440  INFO  Getting prediction...
2026-04-11 19:23:26,869  INFO  Tech=SELL(HIGH) prob=0.010 regime=Uptrend | News=NEUTRAL(0.0) | Alert=True Q=B
2026-04-11 19:23:28,018  INFO  Signal sent! SELL quality=B
2026-04-11 19:23:28,018  INFO  Scheduler running — every 60 min
2026-04-12 17:34:10,213  INFO  BTC AI Bot v4.3 starting...
2026-04-12 17:34:10,214  INFO    Symbol   : BTCUSDT
2026-04-12 17:34:10,214  INFO    Interval : 30 min
2026-04-12 17:34:10,214  INFO    Model    : E:\Python programs\btc_v2_fixed\btc_v2_final\models/saved/model_v4.pkl
2026-04-12 17:34:10,214  INFO    News     : CryptoPanic (API key set)
2026-04-12 17:34:13,639  INFO  Model loaded | AUC=0.5306 | threshold=0.468 | version=v4_20260412_1723
2026-04-12 17:34:13,640  INFO  Getting prediction...
2026-04-12 17:34:18,075  INFO  Tech=BUY(MEDIUM) prob=0.644 regime=Downtrend | News=NEUTRAL(0.0) | Alert=True Q=B
2026-04-12 17:34:20,430  INFO  Signal sent! BUY quality=B
2026-04-12 17:34:20,430  INFO  Scheduler running — every 30 min
2026-04-13 16:50:15,998  INFO  BTC AI Bot v4.3 starting...
2026-04-13 16:50:16,000  INFO    Symbol   : BTCUSDT
2026-04-13 16:50:16,000  INFO    Interval : 30 min
2026-04-13 16:50:16,000  INFO    Model    : E:\Python programs\btc_v2_fixed\btc_v2_final\models/saved/model_v4.pkl
2026-04-13 16:50:16,000  INFO    News     : CryptoPanic (API key set)
2026-04-13 16:50:17,403  INFO  Model loaded | AUC=0.5291 | threshold=0.391 | version=v4_20260413_1648
2026-04-13 16:50:17,404  INFO  Getting prediction...
2026-04-13 16:50:23,167  INFO  Tech=SELL(MEDIUM) prob=0.328 regime=Downtrend | News=NEUTRAL(0.0) | Alert=True Q=B
2026-04-13 16:50:24,422  INFO  Signal sent! SELL quality=B
2026-04-13 16:50:24,423  INFO  Scheduler running — every 30 min
2026-04-13 16:59:18,560  INFO  BTC AI Bot v4.3 starting...
2026-04-13 16:59:18,560  INFO    Symbol   : BTCUSDT
2026-04-13 16:59:18,560  INFO    Interval : 30 min
2026-04-13 16:59:18,560  INFO    Model    : E:\Python programs\btc_v2_fixed\btc_v2_final\models/saved/model_v4.pkl
2026-04-13 16:59:18,560  INFO    News     : CryptoPanic (API key set)
2026-04-13 16:59:20,020  INFO  Model loaded | AUC=0.5291 | threshold=0.391 | version=v4_20260413_1648
2026-04-13 16:59:20,020  INFO  Getting prediction...
2026-04-13 16:59:24,673  INFO  Tech=SELL(MEDIUM) prob=0.328 regime=Downtrend | News=NEUTRAL(0.0) | Alert=True Q=B
2026-04-13 16:59:25,845  INFO  Signal sent! SELL quality=B
2026-04-13 16:59:25,846  INFO  Scheduler running — every 30 min
2026-04-15 13:40:21,821  INFO  BTC AI Bot v4.4 — High Confidence Strategy
2026-04-15 13:40:21,822  INFO    Prob filter : BUY>=0.52 | SELL<=0.48
2026-04-15 13:40:21,822  INFO    Score filter: >=4/7
2026-04-15 13:40:21,822  INFO    Max trades  : 2/day
2026-04-15 13:40:21,822  INFO    SL/TP       : 1.5x / 2.5x ATR
2026-04-15 13:40:24,327  INFO  Model loaded | AUC=0.5289 | threshold=0.5 | version=v4_20260414_2009
2026-04-15 13:40:24,327  INFO  Getting prediction...
2026-04-15 13:40:35,387  WARNING  Retrying (Retry(total=3, connect=None, read=None, redirect=None, status=None)) after connection broken by 'NewConnectionError('<urllib3.connection.HTTPSConnection object at 0x000001598C610690>: Failed to establish a new connection: [WinError 10065] A socket operation was attempted to an unreachable host')': /fapi/v1/fundingRate?symbol=BTCUSDT&limit=1000
2026-04-15 13:40:36,591  WARNING  Retrying (Retry(total=2, connect=None, read=None, redirect=None, status=None)) after connection broken by 'NameResolutionError("<urllib3.connection.HTTPSConnection object at 0x000001598C610CD0>: Failed to resolve 'fapi.binance.com' ([Errno 11001] getaddrinfo failed)")': /fapi/v1/fundingRate?symbol=BTCUSDT&limit=1000
2026-04-15 13:40:38,994  WARNING  Retrying (Retry(total=1, connect=None, read=None, redirect=None, status=None)) after connection broken by 'NameResolutionError("<urllib3.connection.HTTPSConnection object at 0x000001598C610F50>: Failed to resolve 'fapi.binance.com' ([Errno 11001] getaddrinfo failed)")': /fapi/v1/fundingRate?symbol=BTCUSDT&limit=1000
2026-04-15 13:40:43,796  WARNING  Retrying (Retry(total=0, connect=None, read=None, redirect=None, status=None)) after connection broken by 'NameResolutionError("<urllib3.connection.HTTPSConnection object at 0x000001598C6111D0>: Failed to resolve 'fapi.binance.com' ([Errno 11001] getaddrinfo failed)")': /fapi/v1/fundingRate?symbol=BTCUSDT&limit=1000
2026-04-15 13:40:43,811  WARNING  Retrying (Retry(total=3, connect=None, read=None, redirect=None, status=None)) after connection broken by 'NameResolutionError("<urllib3.connection.HTTPSConnection object at 0x000001598C611BD0>: Failed to resolve 'fapi.binance.com' ([Errno 11001] getaddrinfo failed)")': /futures/data/openInterestHist?symbol=BTCUSDT&period=1h&limit=300
2026-04-15 13:40:45,012  WARNING  Retrying (Retry(total=2, connect=None, read=None, redirect=None, status=None)) after connection broken by 'NameResolutionError("<urllib3.connection.HTTPSConnection object at 0x000001598C611E50>: Failed to resolve 'fapi.binance.com' ([Errno 11001] getaddrinfo failed)")': /futures/data/openInterestHist?symbol=BTCUSDT&period=1h&limit=300
2026-04-15 13:40:47,432  WARNING  Retrying (Retry(total=1, connect=None, read=None, redirect=None, status=None)) after connection broken by 'NameResolutionError("<urllib3.connection.HTTPSConnection object at 0x000001598C6120D0>: Failed to resolve 'fapi.binance.com' ([Errno 11001] getaddrinfo failed)")': /futures/data/openInterestHist?symbol=BTCUSDT&period=1h&limit=300
2026-04-15 13:40:52,291  WARNING  Retrying (Retry(total=0, connect=None, read=None, redirect=None, status=None)) after connection broken by 'NameResolutionError("<urllib3.connection.HTTPSConnection object at 0x000001598C612350>: Failed to resolve 'fapi.binance.com' ([Errno 11001] getaddrinfo failed)")': /futures/data/openInterestHist?symbol=BTCUSDT&period=1h&limit=300
2026-04-15 13:40:52,347  WARNING  Retrying (Retry(total=3, connect=None, read=None, redirect=None, status=None)) after connection broken by 'NameResolutionError("<urllib3.connection.HTTPSConnection object at 0x000001598C612C10>: Failed to resolve 'api.alternative.me' ([Errno 11001] getaddrinfo failed)")': /fng/?limit=730&format=json
2026-04-15 13:40:53,549  WARNING  Retrying (Retry(total=2, connect=None, read=None, redirect=None, status=None)) after connection broken by 'NameResolutionError("<urllib3.connection.HTTPSConnection object at 0x000001598C612E90>: Failed to resolve 'api.alternative.me' ([Errno 11001] getaddrinfo failed)")': /fng/?limit=730&format=json
2026-04-15 13:40:55,951  WARNING  Retrying (Retry(total=1, connect=None, read=None, redirect=None, status=None)) after connection broken by 'NameResolutionError("<urllib3.connection.HTTPSConnection object at 0x000001598C613110>: Failed to resolve 'api.alternative.me' ([Errno 11001] getaddrinfo failed)")': /fng/?limit=730&format=json
2026-04-15 13:41:00,754  WARNING  Retrying (Retry(total=0, connect=None, read=None, redirect=None, status=None)) after connection broken by 'NameResolutionError("<urllib3.connection.HTTPSConnection object at 0x000001598C613390>: Failed to resolve 'api.alternative.me' ([Errno 11001] getaddrinfo failed)")': /fng/?limit=730&format=json
2026-04-15 13:41:01,483  INFO  BUY prob=0.720 score=3/7 passed=False regime=Uptrend rsi=43
2026-04-15 13:41:01,484  INFO  Score 3/4 required — filtered
2026-04-15 13:41:01,485  INFO  Scheduler: every 30 min
